22/02/2023 19:34:31 - root - DEBUG - Received numbers: a 6 and b:7
22/02/2023 19:34:49 - root - DEBUG - Received numbers: a 6 and b:7
22/02/2023 19:47:17 - root - DEBUG - Received numbers: a 6 and b:7
22/02/2023 19:59:00 - root - INFO - Oleg has logged in successfully !!
22/02/2023 20:15:16 - root - INFO - Oleg has logged in successfully !!
22/02/2023 20:21:25 - root - INFO - Oleg has logged in successfully !!
22/02/2023 20:21:27 - root - DEBUG - 44 has entered age
22/02/2023 20:21:44 - root - INFO - Oleg has logged in successfully !!
22/02/2023 20:21:46 - root - DEBUG - 44 has entered age
22/02/2023 20:44:24 - root - DEBUG - Received numbers: a 6 and b:7
22/02/2023 20:47:16 - root - DEBUG - Received numbers: a:6 and b:7
23/02/2023 11:56:15 - root - INFO - Amount of money received 100
23/02/2023 11:56:15 - root - DEBUG - Result:1.0
23/02/2023 11:59:51 - root - INFO - Amount of money received 0
23/02/2023 11:59:51 - root - WARNING - Exepted amount, must be larger than 0
23/02/2023 11:59:51 - root - ERROR - Error received: division by zero
23/02/2023 12:16:53 - root - CRITICAL - Had to stop device due to unexpected stop event
23/02/2023 12:57:46 - root - DEBUG - Received numbers: a:6 and b:7
23/02/2023 13:08:00 - root - CRITICAL - Had to stop device due to unexpected stop event
23/02/2023 13:08:00 - root - CRITICAL - Had to stop device due to unexpected stop event
23/02/2023 13:10:16 - root - CRITICAL - Had to stop device due to unexpected stop event
23/02/2023 13:10:16 - root - CRITICAL - Had to stop device due to unexpected stop event
23/02/2023 13:10:25 - root - CRITICAL - Had to stop device due to unexpected stop event
23/02/2023 13:10:25 - root - CRITICAL - Had to stop device due to unexpected stop event
23/02/2023 13:27:25 - root - INFO - Oleg has logged in successfully !!
23/02/2023 13:27:27 - root - DEBUG - Oleg has entered age 44
23/02/2023 13:27:27 - root - WARNING - Received numbers: a:6 and b:7
