06/03/2023 13:54:57 - root - INFO - da has logged in successfully!
06/03/2023 13:54:57 - root - INFO - da has entered company:da
06/03/2023 13:54:57 - root - DEBUG - 1
06/03/2023 13:56:41 - root - INFO - oleg has logged in successfully!
06/03/2023 13:56:41 - root - INFO - oleg has entered company:sam
06/03/2023 13:56:41 - root - DEBUG - 3
06/03/2023 13:57:16 - root - INFO - ad has logged in successfully!
06/03/2023 13:57:16 - root - INFO - ad has entered company:ad
06/03/2023 13:57:16 - root - DEBUG - 2
06/03/2023 13:57:29 - root - INFO - gf has logged in successfully!
06/03/2023 13:57:29 - root - INFO - gf has entered company:gf
06/03/2023 13:57:29 - root - DEBUG - 1
06/03/2023 14:28:49 - root - INFO - Oleg has logged in successfully!
06/03/2023 14:28:49 - root - INFO - Oleg has entered company:sa
06/03/2023 14:28:49 - root - DEBUG - Oleg has choose figure: 2
06/03/2023 14:36:43 - root - INFO - fsf has logged in successfully!
06/03/2023 14:36:43 - root - INFO - fsf has entered company:fs
06/03/2023 14:36:43 - root - DEBUG - fsf has choose figure: 1
06/03/2023 14:58:16 - root - INFO - ds has logged in successfully!
06/03/2023 14:58:17 - root - INFO - ds has entered company:sds
06/03/2023 14:58:18 - root - DEBUG - ds has choose figure: 1
06/03/2023 14:59:02 - root - INFO - fs has logged in successfully!
06/03/2023 14:59:02 - root - INFO - fs has entered company:fs
06/03/2023 14:59:03 - root - DEBUG - fs has choose figure: 1
06/03/2023 14:59:32 - root - INFO - aa has logged in successfully!
06/03/2023 14:59:33 - root - INFO - aa has entered company:dad
06/03/2023 14:59:34 - root - DEBUG - aa has choose figure: 1
06/03/2023 15:00:36 - root - INFO - daa has logged in successfully!
06/03/2023 15:00:37 - root - INFO - daa has entered company:da
06/03/2023 15:00:38 - root - DEBUG - daa has choose figure: 1
06/03/2023 15:01:35 - root - INFO - ad has logged in successfully!
06/03/2023 15:01:36 - root - INFO - ad has entered company:da
06/03/2023 15:01:37 - root - DEBUG - ad has choose figure: 1
06/03/2023 15:04:56 - root - INFO - da has logged in successfully!
06/03/2023 15:04:57 - root - INFO - da has entered company:ad
06/03/2023 15:04:58 - root - DEBUG - da has choose figure: 1
06/03/2023 15:06:38 - root - INFO - da has logged in successfully!
06/03/2023 15:06:39 - root - INFO - da has entered company:ad
06/03/2023 15:06:40 - root - DEBUG - da has choose figure: 1
06/03/2023 15:24:15 - root - INFO - ole has logged in successfully!
06/03/2023 15:24:17 - root - INFO - ole has entered company:d
06/03/2023 15:59:04 - root - INFO - fds has logged in successfully!
06/03/2023 15:59:05 - root - INFO - fds has entered company:sf
06/03/2023 16:27:02 - root - INFO - Oleg has logged in successfully!
06/03/2023 16:27:06 - root - INFO - Oleg has entered company:Arslanov
06/03/2023 16:27:07 - root - DEBUG - Oleg has choose figure: 1
06/03/2023 16:45:03 - root - INFO - Oleg has logged in successfully!
06/03/2023 16:45:04 - root - INFO - Oleg has entered company:sa
06/03/2023 16:45:06 - root - DEBUG - Oleg has choose figure: 3
06/03/2023 16:45:51 - root - INFO - ad has logged in successfully!
06/03/2023 16:45:51 - root - INFO - ad has entered company:ad
06/03/2023 16:45:53 - root - DEBUG - ad has choose figure: 3
06/03/2023 16:46:49 - root - INFO - dw has logged in successfully!
06/03/2023 16:46:50 - root - INFO - dw has entered company:w
06/03/2023 16:46:51 - root - DEBUG - dw has choose figure: 3
06/03/2023 16:46:58 - root - INFO - da has logged in successfully!
06/03/2023 16:46:59 - root - INFO - da has entered company:da
06/03/2023 16:47:00 - root - DEBUG - da has choose figure: 1
06/03/2023 16:48:44 - root - INFO - ad has logged in successfully!
06/03/2023 16:48:44 - root - INFO - ad has entered company:ad
06/03/2023 16:48:45 - root - DEBUG - ad has choose figure: 1
06/03/2023 16:48:54 - root - INFO - ff has logged in successfully!
06/03/2023 16:48:55 - root - INFO - ff has entered company:fs
06/03/2023 16:48:56 - root - DEBUG - ff has choose figure: 2
06/03/2023 16:49:37 - root - INFO - da has logged in successfully!
06/03/2023 16:49:38 - root - INFO - da has entered company:ad
06/03/2023 16:49:39 - root - DEBUG - da has choose figure: 2
06/03/2023 16:53:02 - root - INFO - ada has logged in successfully!
06/03/2023 16:53:03 - root - INFO - ada has entered company:ad
06/03/2023 16:53:04 - root - DEBUG - ada has choose figure: 1
06/03/2023 16:53:14 - root - INFO - da has logged in successfully!
06/03/2023 16:53:14 - root - INFO - da has entered company:ad
06/03/2023 16:53:15 - root - DEBUG - da has choose figure: 2
06/03/2023 16:53:22 - root - INFO - dad has logged in successfully!
06/03/2023 16:53:22 - root - INFO - dad has entered company:ad
06/03/2023 16:53:24 - root - DEBUG - dad has choose figure: 3
06/03/2023 18:49:56 - root - INFO - dada has logged in successfully!
06/03/2023 18:49:57 - root - INFO - dada has entered company:ada
06/03/2023 18:49:59 - root - DEBUG - dada has choose figure: 1
06/03/2023 19:14:25 - root - INFO - ad has logged in successfully!
06/03/2023 19:14:26 - root - INFO - ad has entered company:da
06/03/2023 19:14:28 - root - DEBUG - ad has choose figure: 2
06/03/2023 19:41:02 - root - INFO - ad has logged in successfully!
06/03/2023 19:41:03 - root - INFO - ad has entered company:da
06/03/2023 19:41:05 - root - WARNING - Received invalid choice: 6
06/03/2023 20:36:38 - root - INFO - aad has logged in successfully!
06/03/2023 20:36:39 - root - INFO - aad has entered company:ad
06/03/2023 20:36:42 - root - DEBUG - aad has choose figure: 1
06/03/2023 20:37:02 - root - INFO - ad has logged in successfully!
06/03/2023 20:37:03 - root - INFO - ad has entered company:ad
06/03/2023 20:37:05 - root - DEBUG - ad has choose figure: 1
06/03/2023 20:37:43 - root - INFO - eq has logged in successfully!
06/03/2023 20:37:44 - root - INFO - eq has entered company:qe
06/03/2023 20:37:45 - root - DEBUG - eq has choose figure: 1
06/03/2023 20:39:40 - root - INFO - dw has logged in successfully!
06/03/2023 20:39:41 - root - INFO - dw has entered company:dw
06/03/2023 20:39:42 - root - DEBUG - dw has choose figure: 1
06/03/2023 20:47:51 - root - INFO - ad has logged in successfully!
06/03/2023 20:47:52 - root - INFO - ad has entered company:da
06/03/2023 20:47:54 - root - DEBUG - ad has choose figure: 1
06/03/2023 23:13:27 - root - INFO - ada has logged in successfully!
06/03/2023 23:13:28 - root - INFO - ada has entered company:ad
06/03/2023 23:13:29 - root - DEBUG - ada has choose figure: 1
06/03/2023 23:21:17 - root - INFO - da has logged in successfully!
06/03/2023 23:21:17 - root - INFO - da has entered company:da
06/03/2023 23:21:20 - root - DEBUG - da has choose figure: 1
06/03/2023 23:21:58 - root - INFO - da has logged in successfully!
06/03/2023 23:21:58 - root - INFO - da has entered company:da
06/03/2023 23:22:00 - root - DEBUG - da has choose figure: 1
06/03/2023 23:23:39 - root - INFO - ad has logged in successfully!
06/03/2023 23:23:40 - root - INFO - ad has entered company:da
06/03/2023 23:23:42 - root - DEBUG - ad has choose figure: 1
06/03/2023 23:25:19 - root - INFO - da has logged in successfully!
06/03/2023 23:25:20 - root - INFO - da has entered company:da
06/03/2023 23:25:21 - root - DEBUG - da has choose figure: 1
06/03/2023 23:28:50 - root - INFO - dad has logged in successfully!
06/03/2023 23:28:51 - root - INFO - dad has entered company:ad
06/03/2023 23:28:52 - root - DEBUG - dad has choose figure: 1
06/03/2023 23:30:56 - root - INFO - ad has logged in successfully!
06/03/2023 23:30:57 - root - INFO - ad has entered company:da
06/03/2023 23:30:58 - root - DEBUG - ad has choose figure: 1
07/03/2023 08:09:34 - root - INFO - as has logged in successfully!
07/03/2023 08:09:35 - root - INFO - as has entered company:sa
07/03/2023 08:09:37 - root - DEBUG - as has choose figure: 1
07/03/2023 08:10:08 - root - INFO - da has logged in successfully!
07/03/2023 08:10:09 - root - INFO - da has entered company:ad
07/03/2023 08:10:12 - root - WARNING - Received invalid figure choice: 5
07/03/2023 08:10:13 - root - WARNING - Received invalid figure choice: 5
07/03/2023 08:10:15 - root - DEBUG - da has choose figure: 3
07/03/2023 08:18:27 - root - INFO - da has logged in successfully!
07/03/2023 08:18:28 - root - INFO - da has entered company:da
07/03/2023 08:18:31 - root - DEBUG - da has choose figure: 1
07/03/2023 08:18:50 - root - INFO - ada has logged in successfully!
07/03/2023 08:18:51 - root - INFO - ada has entered company:da
07/03/2023 08:18:53 - root - WARNING - Received invalid figure choice: a
07/03/2023 08:19:02 - root - WARNING - Received invalid figure choice: a
07/03/2023 08:19:04 - root - DEBUG - ada has choose figure: 1
07/03/2023 08:44:27 - root - INFO - da has logged in successfully!
07/03/2023 08:44:28 - root - INFO - da has entered company:ad
07/03/2023 08:44:33 - root - DEBUG - da has choose figure: 1
07/03/2023 09:19:24 - root - INFO - Oleg has logged in successfully!
07/03/2023 09:19:28 - root - INFO - Oleg has entered company:samatininkas.lt
07/03/2023 09:21:59 - root - INFO - & c:/Users/olega/projects/Codeacademy/Python_lessons/.venv/Scripts/python.exe c:/Users/olega/projects/Codeacademy/Python_lessons/Facade_estimate/input_data_logging.py has logged in successfully!
07/03/2023 10:29:24 - root - INFO - i has logged in successfully!
07/03/2023 10:29:25 - root - INFO - i has entered company:m
07/03/2023 10:40:51 - root - INFO - da has logged in successfully!
07/03/2023 10:40:52 - root - INFO - da has entered company:ad
07/03/2023 10:41:35 - root - INFO - ad has logged in successfully!
07/03/2023 10:41:36 - root - INFO - ad has entered company:ad
07/03/2023 12:08:31 - root - INFO - ad has logged in successfully!
07/03/2023 12:08:31 - root - INFO - ad has entered company:ad
07/03/2023 12:16:44 - root - INFO - ad has logged in successfully!
07/03/2023 12:16:45 - root - INFO - ad has entered company:da
07/03/2023 19:35:22 - root - INFO - & c:/Users/olega/projects/Codeacademy/Python_lessons/.venv/Scripts/python.exe c:/Users/olega/projects/Codeacademy/Python_lessons/Facade_estimate/input_data_logging.py has entered company:& c:/Users/olega/projects/Codeacademy/Python_lessons/.venv/Scripts/python.exe -m pip install -U mypy
07/03/2023 19:37:19 - root - WARNING - Received invalid figure choice: & c:/Users/olega/projects/Codeacademy/Python_lessons/.venv/Scripts/python.exe -m pip install -U mypy
07/03/2023 19:48:29 - root - WARNING - Received invalid figure choice: & c:/Users/olega/projects/Codeacademy/Python_lessons/.venv/Scripts/python.exe -m pip install -U mypy
07/03/2023 19:49:23 - root - WARNING - Received invalid figure choice: & c:/Users/olega/projects/Codeacademy/Python_lessons/.venv/Scripts/python.exe -m pip install -U mypy
07/03/2023 19:50:35 - root - INFO - ij has logged in successfully!
07/03/2023 19:50:37 - root - INFO - ij has entered company:ji
07/03/2023 19:50:40 - root - WARNING - Received invalid figure choice: j
07/03/2023 19:54:20 - root - WARNING - Received invalid figure choice: & c:/Users/olega/projects/Codeacademy/Python_lessons/.venv/Scripts/python.exe -m pip install -U mypy
07/03/2023 19:54:24 - root - WARNING - Received invalid figure choice: & c:/Users/olega/projects/Codeacademy/Python_lessons/.venv/Scripts/python.exe -m pip install -U mypy
07/03/2023 20:19:08 - root - WARNING - Received invalid figure choice: & c:/Users/olega/projects/Codeacademy/Python_lessons/.venv/Scripts/python.exe -m pip install -U mypy
07/03/2023 20:28:56 - root - WARNING - Received invalid figure choice: & c:/Users/olega/projects/Codeacademy/Python_lessons/.venv/Scripts/python.exe -m pip install -U mypy
07/03/2023 22:05:30 - root - INFO - da has logged in successfully!
07/03/2023 22:05:31 - root - INFO - da has entered company:a
07/03/2023 22:05:41 - root - INFO - ad has logged in successfully!
07/03/2023 22:05:42 - root - INFO - ad has entered company:ad
07/03/2023 22:06:17 - root - INFO - ol has logged in successfully!
07/03/2023 22:06:19 - root - INFO - ol has entered company:da
07/03/2023 22:15:28 - root - INFO - ad has logged in successfully!
07/03/2023 22:15:29 - root - INFO - ad has entered company:ad
07/03/2023 22:19:20 - root - INFO - ad has logged in successfully!
07/03/2023 22:19:20 - root - INFO - ad has entered company:ad
07/03/2023 23:06:25 - root - INFO - daa has logged in successfully!
07/03/2023 23:06:25 - root - INFO - daa has entered company:ada
08/03/2023 00:23:34 - root - INFO - Oleg has logged in successfully!
08/03/2023 00:23:37 - root - INFO - Oleg has entered company:d
08/03/2023 00:23:39 - root - WARNING - Received invalid figure choice: d
08/03/2023 00:23:54 - root - INFO - ad has logged in successfully!
08/03/2023 00:23:55 - root - INFO - ad has entered company:ad
08/03/2023 00:24:09 - root - INFO - ad has logged in successfully!
08/03/2023 00:24:09 - root - INFO - ad has entered company:ad
08/03/2023 01:11:11 - root - INFO - leg has logged in successfully!
08/03/2023 01:11:13 - root - INFO - leg has entered company:da
08/03/2023 01:12:18 - root - INFO - Oleg has logged in successfully!
08/03/2023 01:12:21 - root - INFO - Oleg has entered company:sam
08/03/2023 13:56:55 - root - INFO - Oleg has logged in successfully!
08/03/2023 13:57:03 - root - INFO - Oleg has entered company:samatininkas.lt
08/03/2023 14:21:04 - root - INFO - da has logged in successfully!
08/03/2023 14:21:05 - root - INFO - da has entered company:ad
08/03/2023 14:21:42 - root - INFO - ad has logged in successfully!
08/03/2023 14:21:42 - root - INFO - ad has entered company:ad
08/03/2023 15:57:20 - root - INFO - ji has logged in successfully!
08/03/2023 15:57:22 - root - INFO - ji has entered company:kol
08/03/2023 17:24:02 - root - INFO - Oleg has logged in successfully!
08/03/2023 17:24:05 - root - INFO - Oleg has entered company:sam
08/03/2023 17:24:44 - root - INFO - ad has logged in successfully!
08/03/2023 17:24:45 - root - INFO - ad has entered company:ad
08/03/2023 18:00:15 - root - INFO - Oleg has logged in successfully!
08/03/2023 18:00:20 - root - INFO - Oleg has entered company:sam
08/03/2023 18:00:33 - root - WARNING - Received invalid figure choice: 5
08/03/2023 18:00:33 - root - WARNING - Received invalid figure choice: 151
08/03/2023 18:00:34 - root - WARNING - Received invalid figure choice: 156
08/03/2023 18:00:35 - root - WARNING - Received invalid figure choice: 155
08/03/2023 18:00:36 - root - WARNING - Received invalid figure choice: 155
08/03/2023 18:00:37 - root - WARNING - Received invalid figure choice: 51515
08/03/2023 18:00:38 - root - WARNING - Received invalid figure choice: 5
08/03/2023 18:00:43 - root - WARNING - Received invalid figure choice: 15
08/03/2023 18:59:23 - root - INFO - Oleg has logged in successfully!
08/03/2023 18:59:25 - root - INFO - Oleg has entered company:sam
08/03/2023 22:13:02 - root - INFO - Oleg has logged in successfully!
08/03/2023 22:13:06 - root - INFO - Oleg has entered company:sam
09/03/2023 12:36:09 - root - INFO - fsf has logged in successfully!
09/03/2023 12:36:10 - root - INFO - fsf has entered company:fs
09/03/2023 12:37:45 - root - INFO - da has logged in successfully!
09/03/2023 12:37:45 - root - INFO - da has entered company:da
09/03/2023 12:37:57 - root - INFO - da has logged in successfully!
09/03/2023 12:37:58 - root - INFO - da has entered company:da
09/03/2023 12:41:59 - root - INFO - da has logged in successfully!
09/03/2023 12:41:59 - root - INFO - da has entered company:da
09/03/2023 12:43:03 - root - INFO - da has logged in successfully!
09/03/2023 12:43:04 - root - INFO - da has entered company:ad
09/03/2023 12:44:13 - root - INFO - ole has logged in successfully!
09/03/2023 12:44:16 - root - INFO - ole has entered company:san
09/03/2023 12:45:26 - root - INFO - ds has logged in successfully!
09/03/2023 12:45:26 - root - INFO - ds has entered company:das
09/03/2023 12:47:56 - root - INFO - da has logged in successfully!
09/03/2023 12:47:57 - root - INFO - da has entered company:ad
